"gcc -o conftest -I/home/jhon11390/.rbenv/versions/2.5.1/include/ruby-2.5.0/x86_64-linux -I/home/jhon11390/.rbenv/versions/2.5.1/include/ruby-2.5.0/ruby/backward -I/home/jhon11390/.rbenv/versions/2.5.1/include/ruby-2.5.0 -I. -I/home/jhon11390/.rbenv/versions/2.5.1/include    -O3 -ggdb3 -Wall -Wextra -Wno-unused-parameter -Wno-parentheses -Wno-long-long -Wno-missing-field-initializers -Wno-tautological-compare -Wno-parentheses-equality -Wno-constant-logical-operand -Wno-self-assign -Wunused-variable -Wimplicit-int -Wpointer-arith -Wwrite-strings -Wdeclaration-after-statement -Wimplicit-function-declaration -Wdeprecated-declarations -Wmisleading-indentation -Wno-packed-bitfield-compat -Wsuggest-attribute=noreturn -Wsuggest-attribute=format -Wimplicit-fallthrough=0 -Wduplicated-cond -Wrestrict  -fPIC  conftest.c  -L. -L/home/jhon11390/.rbenv/versions/2.5.1/lib -Wl,-rpath,/home/jhon11390/.rbenv/versions/2.5.1/lib -L. -L/home/jhon11390/.rbenv/versions/2.5.1/lib  -fstack-protector -rdynamic -Wl,-export-dynamic     -Wl,-rpath,/home/jhon11390/.rbenv/versions/2.5.1/lib -L/home/jhon11390/.rbenv/versions/2.5.1/lib -lruby  -lpthread -lgmp -ldl -lcrypt -lm   -lc "
checked program was:
/* begin */
1: #include "ruby.h"
2: 
3: int main(int argc, char **argv)
4: {
5:   return 0;
6: }
/* end */

"gcc -I/home/jhon11390/.rbenv/versions/2.5.1/include/ruby-2.5.0/x86_64-linux -I/home/jhon11390/.rbenv/versions/2.5.1/include/ruby-2.5.0/ruby/backward -I/home/jhon11390/.rbenv/versions/2.5.1/include/ruby-2.5.0 -I. -I/home/jhon11390/.rbenv/versions/2.5.1/include    -O3 -ggdb3 -Wall -Wextra -Wno-unused-parameter -Wno-parentheses -Wno-long-long -Wno-missing-field-initializers -Wno-tautological-compare -Wno-parentheses-equality -Wno-constant-logical-operand -Wno-self-assign -Wunused-variable -Wimplicit-int -Wpointer-arith -Wwrite-strings -Wdeclaration-after-statement -Wimplicit-function-declaration -Wdeprecated-declarations -Wmisleading-indentation -Wno-packed-bitfield-compat -Wsuggest-attribute=noreturn -Wsuggest-attribute=format -Wimplicit-fallthrough=0 -Wduplicated-cond -Wrestrict  -fPIC    -Werror -c conftest.c"
checked program was:
/* begin */
1: #include "ruby.h"
2: 
3: int main() {return 0;}
/* end */

have_library: checking for gzdopen() in -lz... -------------------- yes

"gcc -o conftest -I/home/jhon11390/.rbenv/versions/2.5.1/include/ruby-2.5.0/x86_64-linux -I/home/jhon11390/.rbenv/versions/2.5.1/include/ruby-2.5.0/ruby/backward -I/home/jhon11390/.rbenv/versions/2.5.1/include/ruby-2.5.0 -I. -I/home/jhon11390/.rbenv/versions/2.5.1/include    -O3 -ggdb3 -Wall -Wextra -Wno-unused-parameter -Wno-parentheses -Wno-long-long -Wno-missing-field-initializers -Wno-tautological-compare -Wno-parentheses-equality -Wno-constant-logical-operand -Wno-self-assign -Wunused-variable -Wimplicit-int -Wpointer-arith -Wwrite-strings -Wdeclaration-after-statement -Wimplicit-function-declaration -Wdeprecated-declarations -Wmisleading-indentation -Wno-packed-bitfield-compat -Wsuggest-attribute=noreturn -Wsuggest-attribute=format -Wimplicit-fallthrough=0 -Wduplicated-cond -Wrestrict  -fPIC  -g -DXP_UNIX -O3 -Wall -Wcast-qual -Wwrite-strings -Wmissing-noreturn -Winline conftest.c  -L. -L/home/jhon11390/.rbenv/versions/2.5.1/lib -Wl,-rpath,/home/jhon11390/.rbenv/versions/2.5.1/lib -L. -L/home/jhon11390/.rbenv/versions/2.5.1/lib  -fstack-protector -rdynamic -Wl,-export-dynamic     -Wl,-rpath,/home/jhon11390/.rbenv/versions/2.5.1/lib -L/home/jhon11390/.rbenv/versions/2.5.1/lib -lruby -lz  -lpthread -lgmp -ldl -lcrypt -lm   -lc "
checked program was:
/* begin */
 1: #include "ruby.h"
 2: 
 3: #include <zlib.h>
 4: 
 5: /*top*/
 6: extern int t(void);
 7: int main(int argc, char **argv)
 8: {
 9:   if (argc > 1000000) {
10:     printf("%p", &t);
11:   }
12: 
13:   return 0;
14: }
15: int t(void) { void ((*volatile p)()); p = (void ((*)()))gzdopen; return !p; }
/* end */

--------------------

have_iconv?: checking for iconv... -------------------- yes

"gcc -o conftest -I/home/jhon11390/.rbenv/versions/2.5.1/include/ruby-2.5.0/x86_64-linux -I/home/jhon11390/.rbenv/versions/2.5.1/include/ruby-2.5.0/ruby/backward -I/home/jhon11390/.rbenv/versions/2.5.1/include/ruby-2.5.0 -I. -I/home/jhon11390/.rbenv/versions/2.5.1/include    -O3 -ggdb3 -Wall -Wextra -Wno-unused-parameter -Wno-parentheses -Wno-long-long -Wno-missing-field-initializers -Wno-tautological-compare -Wno-parentheses-equality -Wno-constant-logical-operand -Wno-self-assign -Wunused-variable -Wimplicit-int -Wpointer-arith -Wwrite-strings -Wdeclaration-after-statement -Wimplicit-function-declaration -Wdeprecated-declarations -Wmisleading-indentation -Wno-packed-bitfield-compat -Wsuggest-attribute=noreturn -Wsuggest-attribute=format -Wimplicit-fallthrough=0 -Wduplicated-cond -Wrestrict  -fPIC  -g -DXP_UNIX -O3 -Wall -Wcast-qual -Wwrite-strings -Wmissing-noreturn -Winline conftest.c  -L. -L/home/jhon11390/.rbenv/versions/2.5.1/lib -Wl,-rpath,/home/jhon11390/.rbenv/versions/2.5.1/lib -L. -L/home/jhon11390/.rbenv/versions/2.5.1/lib  -fstack-protector -rdynamic -Wl,-export-dynamic     -Wl,-rpath,/home/jhon11390/.rbenv/versions/2.5.1/lib -L/home/jhon11390/.rbenv/versions/2.5.1/lib -lruby  -lpthread -lgmp -ldl -lcrypt -lm   -lc "
checked program was:
/* begin */
 1: #include "ruby.h"
 2: 
 3: #include <stdlib.h>
 4: #include <iconv.h>
 5: 
 6: int main(void)
 7: {
 8:     iconv_t cd = iconv_open("", "");
 9:     iconv(cd, NULL, NULL, NULL, NULL);
10:     return EXIT_SUCCESS;
11: }
/* end */

--------------------

